#
# A fatal error has been detected by the Java Runtime Environment:
#
#  EXCEPTION_ACCESS_VIOLATION (0xc0000005) at pc=0x662b65ee, pid=5948, tid=0x00003954
#
# JRE version: Java(TM) SE Runtime Environment (8.0_144-b01) (build 1.8.0_144-b01)
# Java VM: Java HotSpot(TM) Client VM (25.144-b01 mixed mode windows-x86 )
# Problematic frame:
# V  [jvm.dll+0xe65ee]
#
# Failed to write core dump. Minidumps are not enabled by default on client versions of Windows
#
# If you would like to submit a bug report, please visit:
#   http://bugreport.java.com/bugreport/crash.jsp
#

---------------  T H R E A D  ---------------

Current thread (0x27551800):  JavaThread "EventThread COM8" [_thread_in_vm, id=14676, stack(0x26f30000,0x26f80000)]

siginfo: ExceptionCode=0xc0000005, reading address 0x00000000

Registers:
EAX=0x00000000, EBX=0x009a7a18, ECX=0x27551800, EDX=0x0000009f
ESP=0x26f7e6bc, EBP=0x26f7e6d8, ESI=0x00000000, EDI=0x27551800
EIP=0x662b65ee, EFLAGS=0x00010246

Top of Stack: (sp=0x26f7e6bc)
0x26f7e6bc:   26f7e6f4 27551940 009a7a18 27551800
0x26f7e6cc:   2748395c 0000009f 664b20b8 26f7f738
0x26f7e6dc:   6400183d 27551940 00000000 00000000
0x26f7e6ec:   00000ffc 26f7e6f4 0a0d300a 300a0d30
0x26f7e6fc:   0d300a0d 0d300a0d 0a0d300a 300a0d30
0x26f7e70c:   0d300a0d 0a0d300a 300a0d30 0d300a0d
0x26f7e71c:   0a0d300a 300a0d30 0d300a0d 0a0d300a
0x26f7e72c:   300a0d30 0d300a0d 0a0d300a 300a0d30 

Instructions: (pc=0x662b65ee)
0x662b65ce:   c4 08 83 7f 04 00 89 7d f0 c7 45 f4 00 00 00 00
0x662b65de:   74 08 8d 4d f0 e8 28 1c 0c 00 8b 75 10 8b 45 0c
0x662b65ee:   8b 10 85 f6 78 32 8b 45 14 85 c0 78 2b 8d 0c 06
0x662b65fe:   3b 4a 08 77 23 85 c0 7e 3b 8b 4a 04 8b 49 04 83 


Register to memory mapping:

EAX=0x00000000 is an unknown value
EBX=0x009a7a18 is an unknown value
ECX=0x27551800 is a thread
EDX=0x0000009f is an unknown value
ESP=0x26f7e6bc is pointing into the stack for thread: 0x27551800
EBP=0x26f7e6d8 is pointing into the stack for thread: 0x27551800
ESI=0x00000000 is an unknown value
EDI=0x27551800 is a thread


Stack: [0x26f30000,0x26f80000],  sp=0x26f7e6bc,  free space=313k
Native frames: (J=compiled Java code, j=interpreted, Vv=VM code, C=native code)
V  [jvm.dll+0xe65ee]
C  [jSSC-2.8_x86.dll+0x183d]
J 22308  jssc.SerialNativeInterface.readBytes(JI)[B (0 bytes) @ 0x026a3ae5 [0x026a3a50+0x95]
J 31699 C1 processing.app.Serial.serialEvent(Ljssc/SerialPortEvent;)V (195 bytes) @ 0x026791f4 [0x026790c0+0x134]
J 29475 C1 jssc.SerialPort$EventThread.run()V (84 bytes) @ 0x02621e98 [0x02621d30+0x168]
v  ~StubRoutines::call_stub
V  [jvm.dll+0x15af45]
V  [jvm.dll+0x2213ae]
V  [jvm.dll+0x15afde]
V  [jvm.dll+0x15b166]
V  [jvm.dll+0x15b1d7]
V  [jvm.dll+0xff36f]
V  [jvm.dll+0x17dc30]
V  [jvm.dll+0x17e4aa]
V  [jvm.dll+0x1c2ec6]
C  [msvcr100.dll+0x5c556]
C  [msvcr100.dll+0x5c600]
C  [KERNEL32.DLL+0x18494]
C  [ntdll.dll+0x641c8]
C  [ntdll.dll+0x64198]
C  0x00000000

Java frames: (J=compiled Java code, j=interpreted, Vv=VM code)
J 22308  jssc.SerialNativeInterface.readBytes(JI)[B (0 bytes) @ 0x026a3aa1 [0x026a3a50+0x51]
J 31699 C1 processing.app.Serial.serialEvent(Ljssc/SerialPortEvent;)V (195 bytes) @ 0x026791f4 [0x026790c0+0x134]
J 29475 C1 jssc.SerialPort$EventThread.run()V (84 bytes) @ 0x02621e98 [0x02621d30+0x168]
v  ~StubRoutines::call_stub

---------------  P R O C E S S  ---------------

Java Threads: ( => current thread )
=>0x27551800 JavaThread "EventThread COM8" [_thread_in_vm, id=14676, stack(0x26f30000,0x26f80000)]
  0x27550400 JavaThread "JmDNS(DESKTOP-COHD3E9.local.).State.Timer" daemon [_thread_blocked, id=6608, stack(0x26c50000,0x26ca0000)]
  0x27553000 JavaThread "JmDNS(DESKTOP-COHD3E9.local.).Timer" daemon [_thread_blocked, id=14596, stack(0x26bc0000,0x26c10000)]
  0x27553c00 JavaThread "SocketListener(DESKTOP-COHD3E9.local.)" daemon [_thread_in_native, id=14156, stack(0x26b30000,0x26b80000)]
  0x27556800 JavaThread "JmDNS(DESKTOP-COHD3E9.local.).State.Timer" daemon [_thread_blocked, id=14112, stack(0x022b0000,0x02300000)]
  0x27552400 JavaThread "JmDNS(DESKTOP-COHD3E9.local.).Timer" daemon [_thread_blocked, id=3908, stack(0x008a0000,0x008f0000)]
  0x2754fc00 JavaThread "SocketListener(DESKTOP-COHD3E9.local.)" daemon [_thread_in_native, id=4220, stack(0x00660000,0x006b0000)]
  0x27557000 JavaThread "DestroyJavaVM" [_thread_blocked, id=11496, stack(0x008f0000,0x00940000)]
  0x27556400 JavaThread "TimerQueue" daemon [_thread_blocked, id=5700, stack(0x29790000,0x297e0000)]
  0x27554800 JavaThread "AWT-EventQueue-0" [_thread_blocked, id=4748, stack(0x29320000,0x29370000)]
  0x27552800 JavaThread "AWT-Shutdown" [_thread_blocked, id=6308, stack(0x29290000,0x292e0000)]
  0x27554400 JavaThread "Batik CleanerThread" daemon [_thread_blocked, id=7484, stack(0x28d40000,0x28d90000)]
  0x27555000 JavaThread "Timer-0" [_thread_blocked, id=5648, stack(0x289c0000,0x28a10000)]
  0x2751f400 JavaThread "Multihomed mDNS.Timer" daemon [_thread_blocked, id=12624, stack(0x27fe0000,0x28030000)]
  0x274f9c00 JavaThread "cc.arduino.packages.discoverers.serial.SerialBoardsLister" [_thread_blocked, id=13612, stack(0x26580000,0x265d0000)]
  0x26123c00 JavaThread "AWT-Windows" daemon [_thread_blocked, id=9956, stack(0x26610000,0x26660000)]
  0x26121400 JavaThread "Java2D Disposer" daemon [_thread_blocked, id=7976, stack(0x264f0000,0x26540000)]
  0x25971800 JavaThread "Service Thread" daemon [_thread_blocked, id=12180, stack(0x25de0000,0x25e30000)]
  0x2597c400 JavaThread "C1 CompilerThread0" daemon [_thread_blocked, id=13864, stack(0x25d50000,0x25da0000)]
  0x2597ac00 JavaThread "Attach Listener" daemon [_thread_blocked, id=12688, stack(0x25cc0000,0x25d10000)]
  0x25978c00 JavaThread "Signal Dispatcher" daemon [_thread_blocked, id=9600, stack(0x25c30000,0x25c80000)]
  0x2595b000 JavaThread "Finalizer" daemon [_thread_blocked, id=12548, stack(0x24d40000,0x24d90000)]
  0x25945000 JavaThread "Reference Handler" daemon [_thread_blocked, id=8804, stack(0x24cb0000,0x24d00000)]

Other Threads:
  0x0224e400 VMThread [stack: 0x24c20000,0x24c70000] [id=8900]
  0x25974c00 WatcherThread [stack: 0x25e70000,0x25ec0000] [id=11556]

VM state:synchronizing (normal execution)

VM Mutex/Monitor currently owned by a thread:  ([mutex/lock_event])
[0x0094d548] Threads_lock - owner thread: 0x0224e400
[0x0094d000] Heap_lock - owner thread: 0x27556400

Heap:
 def new generation   total 157248K, used 157247K [0x04600000, 0x0f0a0000, 0x0f0a0000)
  eden space 139776K,  99% used [0x04600000, 0x0ce7fff8, 0x0ce80000)
  from space 17472K,  99% used [0x0df90000, 0x0f09fff8, 0x0f0a0000)
  to   space 17472K,   0% used [0x0ce80000, 0x0ce80000, 0x0df90000)
 tenured generation   total 349568K, used 349567K [0x0f0a0000, 0x24600000, 0x24600000)
   the space 349568K,  99% used [0x0f0a0000, 0x245ffff8, 0x24600000, 0x24600000)
 Metaspace       used 19793K, capacity 20261K, committed 20480K, reserved 20864K

Card table byte_map: [0x24600000,0x24710000] byte_map_base: 0x245dd000

Polling page: 0x00840000

CodeCache: size=32768Kb used=3662Kb max_used=4459Kb free=29105Kb
 bounds [0x02430000, 0x02890000, 0x04430000]
 total_blobs=2151 nmethods=1870 adapters=210
 compilation: enabled

Compilation events (10 events):
Event: 20043.674 Thread 0x2597c400 32269             javax.swing.plaf.basic.BasicTextAreaUI$PlainParagraph$LogicalView::loadChildren (37 bytes)
Event: 20043.674 Thread 0x2597c400 nmethod 32269 0x026889c8 code [0x02688b00, 0x02688d40]
Event: 20043.674 Thread 0x2597c400 32270   !         sun.reflect.GeneratedConstructorAccessor17::newInstance (49 bytes)
Event: 20043.675 Thread 0x2597c400 nmethod 32270 0x02688288 code [0x026883d0, 0x0268871c]
Event: 20043.675 Thread 0x2597c400 32271             javax.swing.text.GlyphView::<init> (104 bytes)
Event: 20043.676 Thread 0x2597c400 nmethod 32271 0x02687dc8 code [0x02687f00, 0x02688110]
Event: 20043.676 Thread 0x2597c400 32272             javax.swing.plaf.basic.BasicTextAreaUI::create (98 bytes)
Event: 20043.677 Thread 0x2597c400 nmethod 32272 0x02687608 code [0x02687770, 0x02687abc]
Event: 20043.677 Thread 0x2597c400 32273             javax.swing.plaf.basic.BasicTextAreaUI::createI18N (50 bytes)
Event: 20043.677 Thread 0x2597c400 nmethod 32273 0x02686f08 code [0x02687080, 0x0268734c]

GC Heap History (10 events):
Event: 20052.538 GC heap before
{Heap before GC invocations=359 (full 289):
 def new generation   total 157248K, used 157247K [0x04600000, 0x0f0a0000, 0x0f0a0000)
  eden space 139776K,  99% used [0x04600000, 0x0ce7fff8, 0x0ce80000)
  from space 17472K,  99% used [0x0df90000, 0x0f09fff0, 0x0f0a0000)
  to   space 17472K,   0% used [0x0ce80000, 0x0ce80000, 0x0df90000)
 tenured generation   total 349568K, used 349567K [0x0f0a0000, 0x24600000, 0x24600000)
   the space 349568K,  99% used [0x0f0a0000, 0x245ffff8, 0x24600000, 0x24600000)
 Metaspace       used 19793K, capacity 20261K, committed 20480K, reserved 20864K
Event: 20053.241 GC heap after
Heap after GC invocations=360 (full 290):
 def new generation   total 157248K, used 157237K [0x04600000, 0x0f0a0000, 0x0f0a0000)
  eden space 139776K,  99% used [0x04600000, 0x0ce7fff8, 0x0ce80000)
  from space 17472K,  99% used [0x0df90000, 0x0f09d710, 0x0f0a0000)
  to   space 17472K,   0% used [0x0ce80000, 0x0ce80000, 0x0df90000)
 tenured generation   total 349568K, used 349567K [0x0f0a0000, 0x24600000, 0x24600000)
   the space 349568K,  99% used [0x0f0a0000, 0x245ffff8, 0x24600000, 0x24600000)
 Metaspace       used 19793K, capacity 20261K, committed 20480K, reserved 20864K
}
Event: 20053.242 GC heap before
{Heap before GC invocations=360 (full 290):
 def new generation   total 157248K, used 157247K [0x04600000, 0x0f0a0000, 0x0f0a0000)
  eden space 139776K,  99% used [0x04600000, 0x0ce7fff8, 0x0ce80000)
  from space 17472K, 100% used [0x0df90000, 0x0f0a0000, 0x0f0a0000)
  to   space 17472K,   0% used [0x0ce80000, 0x0ce80000, 0x0df90000)
 tenured generation   total 349568K, used 349567K [0x0f0a0000, 0x24600000, 0x24600000)
   the space 349568K,  99% used [0x0f0a0000, 0x245ffff8, 0x24600000, 0x24600000)
 Metaspace       used 19793K, capacity 20261K, committed 20480K, reserved 20864K
Event: 20053.868 GC heap after
Heap after GC invocations=361 (full 291):
 def new generation   total 157248K, used 157245K [0x04600000, 0x0f0a0000, 0x0f0a0000)
  eden space 139776K,  99% used [0x04600000, 0x0ce7fff8, 0x0ce80000)
  from space 17472K,  99% used [0x0df90000, 0x0f09f428, 0x0f0a0000)
  to   space 17472K,   0% used [0x0ce80000, 0x0ce80000, 0x0df90000)
 tenured generation   total 349568K, used 349567K [0x0f0a0000, 0x24600000, 0x24600000)
   the space 349568K,  99% used [0x0f0a0000, 0x245ffff8, 0x24600000, 0x24600000)
 Metaspace       used 19793K, capacity 20261K, committed 20480K, reserved 20864K
}
Event: 20053.869 GC heap before
{Heap before GC invocations=361 (full 291):
 def new generation   total 157248K, used 157247K [0x04600000, 0x0f0a0000, 0x0f0a0000)
  eden space 139776K,  99% used [0x04600000, 0x0ce7fff8, 0x0ce80000)
  from space 17472K, 100% used [0x0df90000, 0x0f0a0000, 0x0f0a0000)
  to   space 17472K,   0% used [0x0ce80000, 0x0ce80000, 0x0df90000)
 tenured generation   total 349568K, used 349567K [0x0f0a0000, 0x24600000, 0x24600000)
   the space 349568K,  99% used [0x0f0a0000, 0x245ffff8, 0x24600000, 0x24600000)
 Metaspace       used 19793K, capacity 20261K, committed 20480K, reserved 20864K
Event: 20054.601 GC heap after
Heap after GC invocations=362 (full 292):
 def new generation   total 157248K, used 157246K [0x04600000, 0x0f0a0000, 0x0f0a0000)
  eden space 139776K,  99% used [0x04600000, 0x0ce7fff8, 0x0ce80000)
  from space 17472K,  99% used [0x0df90000, 0x0f09faa8, 0x0f0a0000)
  to   space 17472K,   0% used [0x0ce80000, 0x0ce80000, 0x0df90000)
 tenured generation   total 349568K, used 349567K [0x0f0a0000, 0x24600000, 0x24600000)
   the space 349568K,  99% used [0x0f0a0000, 0x245ffff8, 0x24600000, 0x24600000)
 Metaspace       used 19793K, capacity 20261K, committed 20480K, reserved 20864K
}
Event: 20054.601 GC heap before
{Heap before GC invocations=362 (full 292):
 def new generation   total 157248K, used 157247K [0x04600000, 0x0f0a0000, 0x0f0a0000)
  eden space 139776K,  99% used [0x04600000, 0x0ce7fff8, 0x0ce80000)
  from space 17472K,  99% used [0x0df90000, 0x0f09fd00, 0x0f0a0000)
  to   space 17472K,   0% used [0x0ce80000, 0x0ce80000, 0x0df90000)
 tenured generation   total 349568K, used 349567K [0x0f0a0000, 0x24600000, 0x24600000)
   the space 349568K,  99% used [0x0f0a0000, 0x245ffff8, 0x24600000, 0x24600000)
 Metaspace       used 19793K, capacity 20261K, committed 20480K, reserved 20864K
Event: 20055.251 GC heap after
Heap after GC invocations=363 (full 293):
 def new generation   total 157248K, used 157247K [0x04600000, 0x0f0a0000, 0x0f0a0000)
  eden space 139776K,  99% used [0x04600000, 0x0ce7fff8, 0x0ce80000)
  from space 17472K,  99% used [0x0df90000, 0x0f09fc48, 0x0f0a0000)
  to   space 17472K,   0% used [0x0ce80000, 0x0ce80000, 0x0df90000)
 tenured generation   total 349568K, used 349567K [0x0f0a0000, 0x24600000, 0x24600000)
   the space 349568K,  99% used [0x0f0a0000, 0x245ffff8, 0x24600000, 0x24600000)
 Metaspace       used 19793K, capacity 20261K, committed 20480K, reserved 20864K
}
Event: 20055.251 GC heap before
{Heap before GC invocations=363 (full 293):
 def new generation   total 157248K, used 157247K [0x04600000, 0x0f0a0000, 0x0f0a0000)
  eden space 139776K,  99% used [0x04600000, 0x0ce7fff8, 0x0ce80000)
  from space 17472K,  99% used [0x0df90000, 0x0f09fc48, 0x0f0a0000)
  to   space 17472K,   0% used [0x0ce80000, 0x0ce80000, 0x0df90000)
 tenured generation   total 349568K, used 349567K [0x0f0a0000, 0x24600000, 0x24600000)
   the space 349568K,  99% used [0x0f0a0000, 0x245ffff8, 0x24600000, 0x24600000)
 Metaspace       used 19793K, capacity 20261K, committed 20480K, reserved 20864K
Event: 20055.904 GC heap after
Heap after GC invocations=364 (full 294):
 def new generation   total 157248K, used 157247K [0x04600000, 0x0f0a0000, 0x0f0a0000)
  eden space 139776K,  99% used [0x04600000, 0x0ce7fff8, 0x0ce80000)
  from space 17472K,  99% used [0x0df90000, 0x0f09fc48, 0x0f0a0000)
  to   space 17472K,   0% used [0x0ce80000, 0x0ce80000, 0x0df90000)
 tenured generation   total 349568K, used 349567K [0x0f0a0000, 0x24600000, 0x24600000)
   the space 349568K,  99% used [0x0f0a0000, 0x245ffff8, 0x24600000, 0x24600000)
 Metaspace       used 19793K, capacity 20261K, committed 20480K, reserved 20864K
}

Deoptimization events (0 events):
No events

Internal exceptions (10 events):
Event: 19991.329 Thread 0x27557400 Exception <a 'sun/nio/fs/WindowsException'> (0x0e898358) thrown at [C:\workspace\8-2-build-windows-i586-cygwin\jdk8u144\9417\hotspot\src\share\vm\prims\jni.cpp, line 709]
Event: 19991.329 Thread 0x27557400 Exception <a 'sun/nio/fs/WindowsException'> (0x0e8988e8) thrown at [C:\workspace\8-2-build-windows-i586-cygwin\jdk8u144\9417\hotspot\src\share\vm\prims\jni.cpp, line 709]
Event: 19991.332 Thread 0x27557400 Exception <a 'sun/nio/fs/WindowsException'> (0x0e8bc5e0) thrown at [C:\workspace\8-2-build-windows-i586-cygwin\jdk8u144\9417\hotspot\src\share\vm\prims\jni.cpp, line 709]
Event: 19991.332 Thread 0x27557400 Exception <a 'sun/nio/fs/WindowsException'> (0x0e8bcbb0) thrown at [C:\workspace\8-2-build-windows-i586-cygwin\jdk8u144\9417\hotspot\src\share\vm\prims\jni.cpp, line 709]
Event: 19991.334 Thread 0x27557400 Exception <a 'sun/nio/fs/WindowsException'> (0x0e8c9010) thrown at [C:\workspace\8-2-build-windows-i586-cygwin\jdk8u144\9417\hotspot\src\share\vm\prims\jni.cpp, line 709]
Event: 19991.334 Thread 0x27557400 Exception <a 'sun/nio/fs/WindowsException'> (0x0e8c9608) thrown at [C:\workspace\8-2-build-windows-i586-cygwin\jdk8u144\9417\hotspot\src\share\vm\prims\jni.cpp, line 709]
Event: 20030.979 Thread 0x27554800 Exception <a 'java/io/IOException'> (0x0ef81138) thrown at [C:\workspace\8-2-build-windows-i586-cygwin\jdk8u144\9417\hotspot\src\share\vm\prims\jni.cpp, line 709]
Event: 20030.979 Thread 0x27554800 Exception <a 'java/io/IOException'> (0x0ef81698) thrown at [C:\workspace\8-2-build-windows-i586-cygwin\jdk8u144\9417\hotspot\src\share\vm\prims\jni.cpp, line 709]
Event: 20030.979 Thread 0x27554800 Exception <a 'java/io/IOException'> (0x0ef81ac0) thrown at [C:\workspace\8-2-build-windows-i586-cygwin\jdk8u144\9417\hotspot\src\share\vm\prims\jni.cpp, line 709]
Event: 20055.904 Thread 0x27551800 Exception <a 'java/lang/OutOfMemoryError'> (0x0f132a80) thrown at [C:\workspace\8-2-build-windows-i586-cygwin\jdk8u144\9417\hotspot\src\share\vm\gc_interface/collectedHeap.inline.hpp, line 159]

Events (10 events):
Event: 20051.886 Executing VM operation: GenCollectForAllocation
Event: 20052.538 Executing VM operation: GenCollectForAllocation done
Event: 20052.538 Executing VM operation: GenCollectForAllocation
Event: 20053.241 Executing VM operation: GenCollectForAllocation done
Event: 20053.241 Executing VM operation: GenCollectForAllocation
Event: 20053.868 Executing VM operation: GenCollectForAllocation done
Event: 20053.868 Executing VM operation: GenCollectForAllocation
Event: 20054.601 Executing VM operation: GenCollectForAllocation done
Event: 20054.601 Executing VM operation: GenCollectForAllocation
Event: 20055.904 Executing VM operation: GenCollectForAllocation done


Dynamic libraries:
0x00860000 - 0x00893000 	C:\Program Files (x86)\Arduino\java\bin\javaw.exe
0x77720000 - 0x778b0000 	C:\WINDOWS\SYSTEM32\ntdll.dll
0x76390000 - 0x76470000 	C:\WINDOWS\System32\KERNEL32.DLL
0x74210000 - 0x743f4000 	C:\WINDOWS\System32\KERNELBASE.dll
0x74880000 - 0x748f8000 	C:\WINDOWS\System32\ADVAPI32.dll
0x76470000 - 0x7652f000 	C:\WINDOWS\System32\msvcrt.dll
0x76610000 - 0x76654000 	C:\WINDOWS\System32\sechost.dll
0x747c0000 - 0x74880000 	C:\WINDOWS\System32\RPCRT4.dll
0x73fe0000 - 0x74000000 	C:\WINDOWS\System32\SspiCli.dll
0x73fd0000 - 0x73fda000 	C:\WINDOWS\System32\CRYPTBASE.dll
0x74b80000 - 0x74bd7000 	C:\WINDOWS\System32\bcryptPrimitives.dll
0x773c0000 - 0x7754d000 	C:\WINDOWS\System32\USER32.dll
0x74d70000 - 0x74d87000 	C:\WINDOWS\System32\win32u.dll
0x74f00000 - 0x74f22000 	C:\WINDOWS\System32\GDI32.dll
0x74bf0000 - 0x74d54000 	C:\WINDOWS\System32\gdi32full.dll
0x74900000 - 0x7497d000 	C:\WINDOWS\System32\msvcp_win.dll
0x74000000 - 0x7411d000 	C:\WINDOWS\System32\ucrtbase.dll
0x6dea0000 - 0x6e0a4000 	C:\WINDOWS\WinSxS\x86_microsoft.windows.common-controls_6595b64144ccf1df_6.0.17134.885_none_42efda1e44e17f65\COMCTL32.dll
0x74400000 - 0x7465c000 	C:\WINDOWS\System32\combase.dll
0x74670000 - 0x74696000 	C:\WINDOWS\System32\IMM32.DLL
0x66c90000 - 0x66d4f000 	C:\Program Files (x86)\Arduino\java\bin\msvcr100.dll
0x661d0000 - 0x6659e000 	C:\Program Files (x86)\Arduino\java\bin\client\jvm.dll
0x74be0000 - 0x74be6000 	C:\WINDOWS\System32\PSAPI.DLL
0x6b6c0000 - 0x6b6c8000 	C:\WINDOWS\SYSTEM32\WSOCK32.dll
0x74fb0000 - 0x75017000 	C:\WINDOWS\System32\WS2_32.dll
0x73160000 - 0x73184000 	C:\WINDOWS\SYSTEM32\WINMM.dll
0x73fc0000 - 0x73fc8000 	C:\WINDOWS\SYSTEM32\VERSION.dll
0x730c0000 - 0x730e3000 	C:\WINDOWS\SYSTEM32\WINMMBASE.dll
0x77550000 - 0x77589000 	C:\WINDOWS\System32\cfgmgr32.dll
0x72f30000 - 0x72f60000 	C:\Program Files (x86)\Arduino\java\bin\splashscreen.dll
0x73c60000 - 0x73cdc000 	C:\WINDOWS\system32\uxtheme.dll
0x72f20000 - 0x72f2c000 	C:\Program Files (x86)\Arduino\java\bin\verify.dll
0x72ef0000 - 0x72f11000 	C:\Program Files (x86)\Arduino\java\bin\java.dll
0x749d0000 - 0x74b13000 	C:\WINDOWS\System32\MSCTF.dll
0x77590000 - 0x77626000 	C:\WINDOWS\System32\OLEAUT32.dll
0x72ed0000 - 0x72ee3000 	C:\Program Files (x86)\Arduino\java\bin\zip.dll
0x773b0000 - 0x773bf000 	C:\WINDOWS\System32\kernel.appcore.dll
0x66c10000 - 0x66c8d000 	C:\WINDOWS\System32\TextInputFramework.dll
0x65f70000 - 0x661cd000 	C:\WINDOWS\System32\CoreUIComponents.dll
0x74180000 - 0x74208000 	C:\WINDOWS\System32\SHCORE.dll
0x6cf40000 - 0x6cf69000 	C:\WINDOWS\SYSTEM32\ntmarta.dll
0x66b80000 - 0x66c0b000 	C:\WINDOWS\System32\CoreMessaging.dll
0x72f60000 - 0x73036000 	C:\WINDOWS\SYSTEM32\wintypes.dll
0x73090000 - 0x730b3000 	C:\WINDOWS\system32\dwmapi.dll
0x73300000 - 0x73356000 	C:\WINDOWS\system32\Oleacc.dll
0x75020000 - 0x7636a000 	C:\WINDOWS\System32\SHELL32.dll
0x76df0000 - 0x773aa000 	C:\WINDOWS\System32\windows.storage.dll
0x74f60000 - 0x74fa5000 	C:\WINDOWS\System32\shlwapi.dll
0x76370000 - 0x76388000 	C:\WINDOWS\System32\profapi.dll
0x76660000 - 0x766a5000 	C:\WINDOWS\System32\powrprof.dll
0x766b0000 - 0x766b8000 	C:\WINDOWS\System32\FLTLIB.DLL
0x61940000 - 0x619b2000 	C:\Program Files (x86)\Arduino\lib\listSerialsj.dll
0x766c0000 - 0x76aeb000 	C:\WINDOWS\System32\SETUPAPI.dll
0x6c840000 - 0x6c85d000 	C:\Program Files (x86)\Arduino\lib\jnidispatch-4.2.2-win32-x86.dll
0x76cf0000 - 0x76dec000 	C:\WINDOWS\System32\Ole32.dll
0x68210000 - 0x68226000 	C:\Program Files (x86)\Arduino\java\bin\net.dll
0x6f520000 - 0x6f576000 	C:\WINDOWS\system32\mswsock.dll
0x6c830000 - 0x6c83f000 	C:\Program Files (x86)\Arduino\java\bin\nio.dll
0x65e20000 - 0x65f65000 	C:\Program Files (x86)\Arduino\java\bin\awt.dll
0x6cce0000 - 0x6cd7d000 	C:\WINDOWS\SYSTEM32\apphelp.dll
0x66b40000 - 0x66b79000 	C:\Program Files (x86)\Arduino\java\bin\fontmanager.dll
0x65d40000 - 0x65e19000 	C:\WINDOWS\system32\opengl32.dll
0x65d00000 - 0x65d3f000 	C:\WINDOWS\SYSTEM32\GLU32.dll
0x65cc0000 - 0x65cf2000 	C:\Program Files (x86)\Arduino\java\bin\t2k.dll
0x73620000 - 0x73642000 	C:\WINDOWS\SYSTEM32\DEVOBJ.dll
0x74980000 - 0x749c7000 	C:\WINDOWS\System32\WINTRUST.dll
0x74d60000 - 0x74d6e000 	C:\WINDOWS\System32\MSASN1.dll
0x76af0000 - 0x76c86000 	C:\WINDOWS\System32\CRYPT32.dll
0x73d80000 - 0x73db0000 	C:\WINDOWS\SYSTEM32\IPHLPAPI.DLL
0x74660000 - 0x74667000 	C:\WINDOWS\System32\NSI.dll
0x6f5b0000 - 0x6f5c3000 	C:\WINDOWS\SYSTEM32\dhcpcsvc6.DLL
0x6f590000 - 0x6f5a4000 	C:\WINDOWS\SYSTEM32\dhcpcsvc.DLL
0x6f5d0000 - 0x6f65e000 	C:\WINDOWS\SYSTEM32\DNSAPI.dll
0x69230000 - 0x69238000 	C:\Windows\System32\rasadhlp.dll
0x65630000 - 0x6567f000 	C:\WINDOWS\System32\fwpuclnt.dll
0x73d50000 - 0x73d69000 	C:\WINDOWS\SYSTEM32\bcrypt.dll
0x650b0000 - 0x65119000 	C:\Program Files (x86)\Arduino\msvcp100.dll
0x64ff0000 - 0x650ae000 	C:\Program Files (x86)\Arduino\msvcr100.dll
0x28cc0000 - 0x28cf2000 	C:\Program Files (x86)\Arduino\lib\AStylej.dll
0x64fc0000 - 0x64fe4000 	C:\Program Files (x86)\Arduino\java\bin\dcpr.dll
0x746a0000 - 0x74723000 	C:\WINDOWS\System32\clbcatq.dll
0x64e40000 - 0x64fb1000 	C:\WINDOWS\SYSTEM32\WindowsCodecs.dll
0x68670000 - 0x686bf000 	C:\WINDOWS\system32\dataexchange.dll
0x68530000 - 0x6866c000 	C:\WINDOWS\system32\dcomp.dll
0x682d0000 - 0x68522000 	C:\WINDOWS\system32\d3d11.dll
0x68230000 - 0x682c8000 	C:\WINDOWS\system32\dxgi.dll
0x6d280000 - 0x6d3e5000 	C:\WINDOWS\system32\twinapi.appcore.dll
0x6d260000 - 0x6d27a000 	C:\WINDOWS\system32\RMCLIENT.dll
0x73db0000 - 0x73e3f000 	C:\WINDOWS\WinSxS\x86_microsoft.windows.common-controls_6595b64144ccf1df_5.82.17134.885_none_41037d0a450e54c0\comctl32.dll
0x64cb0000 - 0x64d03000 	C:\WINDOWS\system32\Ninput.dll
0x73070000 - 0x73083000 	C:\WINDOWS\SYSTEM32\CRYPTSP.dll
0x73040000 - 0x7306f000 	C:\WINDOWS\system32\rsaenh.dll
0x73f20000 - 0x73f41000 	C:\WINDOWS\SYSTEM32\USERENV.dll
0x64000000 - 0x6401b000 	C:\Program Files (x86)\Arduino\lib\jSSC-2.8_x86.dll
0x6cdb0000 - 0x6cf32000 	C:\WINDOWS\SYSTEM32\dbghelp.dll

VM Arguments:
jvm_args: -Dsun.java2d.d3d=false -Djna.nosys=true -Djna.nounpack=true -Djna.boot.library.name=jnidispatch-4.2.2-win32-x86 -Djna.boot.library.path=C:\Program Files (x86)\Arduino/lib -Djssc.library.path=C:\Program Files (x86)\Arduino/lib -DAPP_DIR=C:\Program Files (x86)\Arduino -Xms128M -Xmx512M 
java_command: processing.app.Base C:\Work\Official Work\TNM\Proto_mk1\2S\ESP8266\12E\Beta_2\Codes\RELAY_Sensor\RELAY_Sensor.ino
java_class_path (initial): C:\Program Files (x86)\Arduino\lib\apple.jar;C:\Program Files (x86)\Arduino\lib\arduino-core.jar;C:\Program Files (x86)\Arduino\lib\batik-1.8.jar;C:\Program Files (x86)\Arduino\lib\batik-anim-1.8.jar;C:\Program Files (x86)\Arduino\lib\batik-awt-util-1.8.jar;C:\Program Files (x86)\Arduino\lib\batik-bridge-1.8.jar;C:\Program Files (x86)\Arduino\lib\batik-codec-1.8.jar;C:\Program Files (x86)\Arduino\lib\batik-css-1.8.jar;C:\Program Files (x86)\Arduino\lib\batik-dom-1.8.jar;C:\Program Files (x86)\Arduino\lib\batik-ext-1.8.jar;C:\Program Files (x86)\Arduino\lib\batik-gvt-1.8.jar;C:\Program Files (x86)\Arduino\lib\batik-parser-1.8.jar;C:\Program Files (x86)\Arduino\lib\batik-rasterizer-1.8.jar;C:\Program Files (x86)\Arduino\lib\batik-script-1.8.jar;C:\Program Files (x86)\Arduino\lib\batik-squiggle-1.8.jar;C:\Program Files (x86)\Arduino\lib\batik-svg-dom-1.8.jar;C:\Program Files (x86)\Arduino\lib\batik-svgpp-1.8.jar;C:\Program Files (x86)\Arduino\lib\batik-transcoder-1.8.jar;C:\Program Files (x86)\Arduino\lib\batik-util-1.8.jar;C:\Program Files (x86)\Arduino\lib\batik-xml-1.8.jar;C:\Program Files (x86)\Arduino\lib\bcpg-jdk15on-152.jar;C:\Program Files (x86)\Arduino\lib\bcprov-jdk15on-152.jar;C:\Program Files (x86)\Arduino\lib\commons-codec-1.7.jar;C:\Program Files (x86)\Arduino\lib\commons-compress-1.8.jar;C:\Program Files (x86)\Arduino\lib\commons-exec-1.1.jar;C:\Program Files (x86)\Arduino\lib\commons-httpclient-3.1.jar;C:\Program Files (x86)\Arduino\lib\commons-lang3-3.3.2.jar;C:\Program Files (x86)\Arduino\lib\commons-logging-1.0.4.jar;C:\Program Files (x86)\Arduino\lib\commons-net-3.3.jar;C:\Program Files (x86)\Arduino\lib\jackson-annotations-2.6.3.jar;C:\Program Files (x86)\Arduino\lib\jackson-core-2.6.3.jar;C:\Program Files (x86)\Arduino\lib\jackson-databind-2.6.3.jar;C:\Program Files (x86)\Arduino\lib\jackson-module-mrbean-2.6.3.jar;C:\Program Files (x86)\Arduino\lib\java-semver-0.8.0.jar;C:\Program Files (x86)\Arduino\lib\jmdns-3.5.1.j
Launcher Type: SUN_STANDARD

Environment Variables:
PATH=C:\Program Files (x86)\Intel\Intel(R) Management Engine Components\iCLS\;C:\Program Files\Intel\Intel(R) Management Engine Components\iCLS\;C:\WINDOWS\system32;C:\WINDOWS;C:\WINDOWS\System32\Wbem;C:\WINDOWS\System32\WindowsPowerShell\v1.0\;C:\Program Files\Intel\WiFi\bin\;C:\Program Files\Common Files\Intel\WirelessCommon\;C:\WINDOWS\System32\OpenSSH\;C:\Program Files\Git\cmd;C:\Program Files (x86)\Intel\Intel(R) Management Engine Components\DAL;C:\Program Files\Intel\Intel(R) Management Engine Components\DAL;C:\Program Files (x86)\Intel\Intel(R) Management Engine Components\IPT;C:\Program Files\Intel\Intel(R) Management Engine Components\IPT;C:\Program Files\PuTTY\;C:\Program Files\CMake\bin;C:\Users\Vikhyat Chauhan\AppData\Local\Programs\Python\Python37-32\Scripts\;C:\Users\Vikhyat Chauhan\AppData\Local\Programs\Python\Python37-32\;C:\Users\Vikhyat Chauhan\AppData\Local\Microsoft\WindowsApps;;C:\Program Files (x86)\Arduino\java\bin
USERNAME=Vikhyat Chauhan
OS=Windows_NT
PROCESSOR_IDENTIFIER=Intel64 Family 6 Model 78 Stepping 3, GenuineIntel



---------------  S Y S T E M  ---------------

OS: Windows 10.0 , 64 bit Build 17134 (10.0.17134.753)

CPU:total 4 (initial active 4) (2 cores per cpu, 2 threads per core) family 6 model 78 stepping 3, cmov, cx8, fxsr, mmx, sse, sse2, sse3, ssse3, sse4.1, sse4.2, popcnt, avx, avx2, aes, clmul, erms, rtm, 3dnowpref, lzcnt, ht, tsc, tscinvbit, bmi1, bmi2, adx

Memory: 4k page, physical 4105120k(637680k free), swap 11783368k(2482308k free)

vm_info: Java HotSpot(TM) Client VM (25.144-b01) for windows-x86 JRE (1.8.0_144-b01), built on Jul 21 2017 21:58:05 by "java_re" with MS VC++ 10.0 (VS2010)

time: Fri Aug 02 21:22:57 2019
elapsed time: 20056 seconds (0d 5h 34m 16s)

